#
# There is insufficient memory for the Java Runtime Environment to continue.
# Native memory allocation (malloc) failed to allocate 1534736 bytes. Error detail: Chunk::new
# Possible reasons:
#   The system is out of physical RAM or swap space
#   This process is running with CompressedOops enabled, and the Java Heap may be blocking the growth of the native heap
# Possible solutions:
#   Reduce memory load on the system
#   Increase physical memory or swap space
#   Check if swap backing store is full
#   Decrease Java heap size (-Xmx/-Xms)
#   Decrease number of Java threads
#   Decrease Java thread stack sizes (-Xss)
#   Set larger code cache with -XX:ReservedCodeCacheSize=
#   JVM is running with Unscaled Compressed Oops mode in which the Java heap is
#     placed in the first 4GB address space. The Java Heap base address is the
#     maximum limit for the native heap growth. Please use -XX:HeapBaseMinAddress
#     to set the Java Heap base and to place the Java Heap above 4GB virtual address.
# This output file may be truncated or incomplete.
#
#  Out of Memory Error (arena.cpp:150), pid=11856, tid=11776
#
# JRE version: OpenJDK Runtime Environment (22.0+36) (build 22+36-2370)
# Java VM: OpenJDK 64-Bit Server VM (22+36-2370, mixed mode, sharing, tiered, compressed oops, compressed class ptrs, g1 gc, windows-amd64)
# No core dump will be written. Minidumps are not enabled by default on client versions of Windows
#

---------------  S U M M A R Y ------------

Command Line: -javaagent:C:\Program Files\JetBrains\IntelliJ IDEA Community Edition 2024.1\lib\idea_rt.jar=51060:C:\Program Files\JetBrains\IntelliJ IDEA Community Edition 2024.1\bin -Dfile.encoding=UTF-8 -Dsun.stdout.encoding=UTF-8 -Dsun.stderr.encoding=UTF-8 com.vrd.luxury_collection.LuxuryCollectionApplication

Host: Intel(R) Core(TM) i5-4300U CPU @ 1.90GHz, 4 cores, 7G,  Windows 10 , 64 bit Build 19041 (10.0.19041.5438)
Time: Fri Feb 21 20:11:27 2025 India Standard Time elapsed time: 1990.039723 seconds (0d 0h 33m 10s)

---------------  T H R E A D  ---------------

Current thread (0x000002411d458e10):  JavaThread "C2 CompilerThread0" daemon [_thread_in_native, id=11776, stack(0x0000007977c00000,0x0000007977d00000) (1024K)]


Current CompileTask:
C2:1990045 15964       4       org.apache.coyote.http11.Http11Processor::prepareResponse (779 bytes)

Stack: [0x0000007977c00000,0x0000007977d00000]
Native frames: (J=compiled Java code, j=interpreted, Vv=VM code, C=native code)
V  [jvm.dll+0x6e2349]  (no source info available)
V  [jvm.dll+0x874ed3]  (no source info available)
V  [jvm.dll+0x8772fe]  (no source info available)
V  [jvm.dll+0x8779d3]  (no source info available)
V  [jvm.dll+0x27fcb6]  (no source info available)
V  [jvm.dll+0xc3d0f]  (no source info available)
V  [jvm.dll+0xc3f6b]  (no source info available)
V  [jvm.dll+0x3bb022]  (no source info available)
V  [jvm.dll+0x387abb]  (no source info available)
V  [jvm.dll+0x386f2a]  (no source info available)
V  [jvm.dll+0x247908]  (no source info available)
V  [jvm.dll+0x246faf]  (no source info available)
V  [jvm.dll+0x1c4e90]  (no source info available)
V  [jvm.dll+0x25699e]  (no source info available)
V  [jvm.dll+0x254c5a]  (no source info available)
V  [jvm.dll+0x3f5426]  (no source info available)
V  [jvm.dll+0x81d50b]  (no source info available)
V  [jvm.dll+0x6e09e5]  (no source info available)
C  [ucrtbase.dll+0x21bb2]  (no source info available)
C  [KERNEL32.DLL+0x17374]  (no source info available)
C  [ntdll.dll+0x4cc91]  (no source info available)


---------------  P R O C E S S  ---------------

Threads class SMR info:
_java_thread_list=0x0000024167c46900, length=31, elements={
0x000002411d44f470, 0x000002411d452350, 0x000002411d455840, 0x000002411d456600,
0x000002411d457060, 0x000002411d457ed0, 0x000002411d458e10, 0x000002411d45a720,
0x000002411d68a450, 0x00000241631b4b50, 0x00000241631b51c0, 0x00000241653064e0,
0x00000241663f59d0, 0x00000241654d0be0, 0x000002416539bef0, 0x000002416539a4b0,
0x000002416539b860, 0x000002416539b1d0, 0x000002416539c580, 0x000002416539cc10,
0x000002416539d2a0, 0x0000024165399e20, 0x00000241687cc470, 0x00000241687ce540,
0x00000241687ccb00, 0x00000241687cb0c0, 0x00000241687cd820, 0x00000241687cd190,
0x00000241687cdeb0, 0x00000241687cb750, 0x00000241687cbde0
}

Java Threads: ( => current thread )
  0x000002411d44f470 JavaThread "Reference Handler"          daemon [_thread_blocked, id=9064, stack(0x0000007977600000,0x0000007977700000) (1024K)]
  0x000002411d452350 JavaThread "Finalizer"                  daemon [_thread_blocked, id=8520, stack(0x0000007977700000,0x0000007977800000) (1024K)]
  0x000002411d455840 JavaThread "Signal Dispatcher"          daemon [_thread_blocked, id=5404, stack(0x0000007977800000,0x0000007977900000) (1024K)]
  0x000002411d456600 JavaThread "Attach Listener"            daemon [_thread_blocked, id=13760, stack(0x0000007977900000,0x0000007977a00000) (1024K)]
  0x000002411d457060 JavaThread "Service Thread"             daemon [_thread_blocked, id=11884, stack(0x0000007977a00000,0x0000007977b00000) (1024K)]
  0x000002411d457ed0 JavaThread "Monitor Deflation Thread"   daemon [_thread_blocked, id=13424, stack(0x0000007977b00000,0x0000007977c00000) (1024K)]
=>0x000002411d458e10 JavaThread "C2 CompilerThread0"         daemon [_thread_in_native, id=11776, stack(0x0000007977c00000,0x0000007977d00000) (1024K)]
  0x000002411d45a720 JavaThread "C1 CompilerThread0"         daemon [_thread_blocked, id=2624, stack(0x0000007977d00000,0x0000007977e00000) (1024K)]
  0x000002411d68a450 JavaThread "Common-Cleaner"             daemon [_thread_blocked, id=14256, stack(0x0000007977e00000,0x0000007977f00000) (1024K)]
  0x00000241631b4b50 JavaThread "Monitor Ctrl-Break"         daemon [_thread_in_native, id=11456, stack(0x0000007977f00000,0x0000007978000000) (1024K)]
  0x00000241631b51c0 JavaThread "Notification Thread"        daemon [_thread_blocked, id=8108, stack(0x0000007978000000,0x0000007978100000) (1024K)]
  0x00000241653064e0 JavaThread "Catalina-utility-1"                [_thread_blocked, id=640, stack(0x0000007978700000,0x0000007978800000) (1024K)]
  0x00000241663f59d0 JavaThread "Catalina-utility-2"                [_thread_blocked, id=9420, stack(0x0000007978800000,0x0000007978900000) (1024K)]
  0x00000241654d0be0 JavaThread "container-0"                       [_thread_blocked, id=2152, stack(0x0000007978900000,0x0000007978a00000) (1024K)]
  0x000002416539bef0 JavaThread "mysql-cj-abandoned-connection-cleanup" daemon [_thread_blocked, id=14280, stack(0x0000007978a00000,0x0000007978b00000) (1024K)]
  0x000002416539a4b0 JavaThread "HikariPool-1 housekeeper"   daemon [_thread_blocked, id=4972, stack(0x0000007978c00000,0x0000007978d00000) (1024K)]
  0x000002416539b860 JavaThread "File Watcher"               daemon [_thread_blocked, id=14092, stack(0x0000007978d00000,0x0000007978e00000) (1024K)]
  0x000002416539b1d0 JavaThread "Live Reload Server"         daemon [_thread_in_native, id=13004, stack(0x0000007978f00000,0x0000007979000000) (1024K)]
  0x000002416539c580 JavaThread "http-nio-5454-exec-1"       daemon [_thread_blocked, id=13428, stack(0x0000007978e00000,0x0000007978f00000) (1024K)]
  0x000002416539cc10 JavaThread "http-nio-5454-exec-2"       daemon [_thread_blocked, id=14148, stack(0x0000007979000000,0x0000007979100000) (1024K)]
  0x000002416539d2a0 JavaThread "http-nio-5454-exec-3"       daemon [_thread_blocked, id=8848, stack(0x0000007979100000,0x0000007979200000) (1024K)]
  0x0000024165399e20 JavaThread "http-nio-5454-exec-4"       daemon [_thread_blocked, id=10692, stack(0x0000007979200000,0x0000007979300000) (1024K)]
  0x00000241687cc470 JavaThread "http-nio-5454-exec-5"       daemon [_thread_blocked, id=13524, stack(0x0000007979300000,0x0000007979400000) (1024K)]
  0x00000241687ce540 JavaThread "http-nio-5454-exec-6"       daemon [_thread_blocked, id=6060, stack(0x0000007979400000,0x0000007979500000) (1024K)]
  0x00000241687ccb00 JavaThread "http-nio-5454-exec-7"       daemon [_thread_blocked, id=9404, stack(0x0000007979500000,0x0000007979600000) (1024K)]
  0x00000241687cb0c0 JavaThread "http-nio-5454-exec-8"       daemon [_thread_blocked, id=9008, stack(0x0000007979600000,0x0000007979700000) (1024K)]
  0x00000241687cd820 JavaThread "http-nio-5454-exec-9"       daemon [_thread_blocked, id=12084, stack(0x0000007979700000,0x0000007979800000) (1024K)]
  0x00000241687cd190 JavaThread "http-nio-5454-exec-10"      daemon [_thread_blocked, id=5196, stack(0x0000007979800000,0x0000007979900000) (1024K)]
  0x00000241687cdeb0 JavaThread "http-nio-5454-Poller"       daemon [_thread_in_native, id=4740, stack(0x0000007979900000,0x0000007979a00000) (1024K)]
  0x00000241687cb750 JavaThread "http-nio-5454-Acceptor"     daemon [_thread_in_native, id=12068, stack(0x0000007979a00000,0x0000007979b00000) (1024K)]
  0x00000241687cbde0 JavaThread "DestroyJavaVM"                     [_thread_blocked, id=9484, stack(0x0000007976e00000,0x0000007976f00000) (1024K)]
Total: 31

Other Threads:
  0x000002411d4333b0 VMThread "VM Thread"                           [id=9352, stack(0x0000007977500000,0x0000007977600000) (1024K)]
  0x000002411d4168c0 WatcherThread "VM Periodic Task Thread"        [id=10128, stack(0x0000007977400000,0x0000007977500000) (1024K)]
  0x000002417fa40060 WorkerThread "GC Thread#0"                     [id=13008, stack(0x0000007976f00000,0x0000007977000000) (1024K)]
  0x00000241635aeff0 WorkerThread "GC Thread#1"                     [id=9704, stack(0x0000007978200000,0x0000007978300000) (1024K)]
  0x0000024163617030 WorkerThread "GC Thread#2"                     [id=14272, stack(0x0000007978300000,0x0000007978400000) (1024K)]
  0x0000024163619cd0 WorkerThread "GC Thread#3"                     [id=8984, stack(0x0000007978400000,0x0000007978500000) (1024K)]
  0x000002417fa50690 ConcurrentGCThread "G1 Main Marker"            [id=7592, stack(0x0000007977000000,0x0000007977100000) (1024K)]
  0x000002417fa51350 WorkerThread "G1 Conc#0"                       [id=13800, stack(0x0000007977100000,0x0000007977200000) (1024K)]
  0x000002417faae7b0 ConcurrentGCThread "G1 Refine#0"               [id=1032, stack(0x0000007977200000,0x0000007977300000) (1024K)]
  0x000002411d2ea4f0 ConcurrentGCThread "G1 Service"                [id=12172, stack(0x0000007977300000,0x0000007977400000) (1024K)]
Total: 10

Threads with active compile tasks:
C2 CompilerThread0  1990433 15964       4       org.apache.coyote.http11.Http11Processor::prepareResponse (779 bytes)
Total: 1

VM state: not at safepoint (normal execution)

VM Mutex/Monitor currently owned by a thread: None

Heap address: 0x0000000084e00000, size: 1970 MB, Compressed Oops mode: 32-bit

CDS archive(s) mapped at: [0x000002411e000000-0x000002411ec50000-0x000002411ec50000), size 12910592, SharedBaseAddress: 0x000002411e000000, ArchiveRelocationMode: 1.
Compressed class space mapped at: 0x000002411f000000-0x000002415f000000, reserved size: 1073741824
Narrow klass base: 0x000002411e000000, Narrow klass shift: 0, Narrow klass range: 0x41000000

GC Precious Log:
 CardTable entry size: 512
 Card Set container configuration: InlinePtr #cards 5 size 8 Array Of Cards #cards 12 size 40 Howl #buckets 4 coarsen threshold 1843 Howl Bitmap #cards 512 size 80 coarsen threshold 460 Card regions per heap region 1 cards per card region 2048
 CPUs: 4 total, 4 available
 Memory: 7879M
 Large Page Support: Disabled
 NUMA Support: Disabled
 Compressed Oops: Enabled (32-bit)
 Heap Region Size: 1M
 Heap Min Capacity: 8M
 Heap Initial Capacity: 124M
 Heap Max Capacity: 1970M
 Pre-touch: Disabled
 Parallel Workers: 4
 Concurrent Workers: 1
 Concurrent Refinement Workers: 4
 Periodic GC: Disabled

Heap:
 garbage-first heap   total reserved 2017280K, committed 150528K, used 60477K [0x0000000084e00000, 0x0000000100000000)
  region size 1024K, 19 young (19456K), 1 survivors (1024K)
 Metaspace       used 87617K, committed 88768K, reserved 1179648K
  class space    used 11643K, committed 12096K, reserved 1048576K

Heap Regions: E=young(eden), S=young(survivor), O=old, HS=humongous(starts), HC=humongous(continues), CS=collection set, F=free, TAMS=top-at-mark-start, PB=parsable bottom
|   0|0x0000000084e00000, 0x0000000084f00000, 0x0000000084f00000|100%|HS|  |TAMS 0x0000000084e00000| PB 0x0000000084e00000| Complete |  0
|   1|0x0000000084f00000, 0x0000000085000000, 0x0000000085000000|100%| O|  |TAMS 0x0000000084f00000| PB 0x0000000084f00000| Untracked |  0
|   2|0x0000000085000000, 0x0000000085100000, 0x0000000085100000|100%| O|  |TAMS 0x0000000085000000| PB 0x0000000085000000| Untracked |  0
|   3|0x0000000085100000, 0x0000000085200000, 0x0000000085200000|100%| O|  |TAMS 0x0000000085100000| PB 0x0000000085100000| Untracked |  0
|   4|0x0000000085200000, 0x0000000085300000, 0x0000000085300000|100%| O|  |TAMS 0x0000000085200000| PB 0x0000000085200000| Untracked |  0
|   5|0x0000000085300000, 0x0000000085400000, 0x0000000085400000|100%| O|  |TAMS 0x0000000085300000| PB 0x0000000085300000| Untracked |  0
|   6|0x0000000085400000, 0x0000000085500000, 0x0000000085500000|100%| O|  |TAMS 0x0000000085400000| PB 0x0000000085400000| Untracked |  0
|   7|0x0000000085500000, 0x0000000085600000, 0x0000000085600000|100%| O|  |TAMS 0x0000000085500000| PB 0x0000000085500000| Untracked |  0
|   8|0x0000000085600000, 0x0000000085700000, 0x0000000085700000|100%| O|  |TAMS 0x0000000085600000| PB 0x0000000085600000| Untracked |  0
|   9|0x0000000085700000, 0x0000000085800000, 0x0000000085800000|100%| O|  |TAMS 0x0000000085700000| PB 0x0000000085700000| Untracked |  0
|  10|0x0000000085800000, 0x0000000085900000, 0x0000000085900000|100%| O|  |TAMS 0x0000000085800000| PB 0x0000000085800000| Untracked |  0
|  11|0x0000000085900000, 0x0000000085a00000, 0x0000000085a00000|100%| O|  |TAMS 0x0000000085900000| PB 0x0000000085900000| Untracked |  0
|  12|0x0000000085a00000, 0x0000000085b00000, 0x0000000085b00000|100%| O|  |TAMS 0x0000000085a00000| PB 0x0000000085a00000| Untracked |  0
|  13|0x0000000085b00000, 0x0000000085c00000, 0x0000000085c00000|100%| O|  |TAMS 0x0000000085b00000| PB 0x0000000085b00000| Untracked |  0
|  14|0x0000000085c00000, 0x0000000085d00000, 0x0000000085d00000|100%| O|  |TAMS 0x0000000085c00000| PB 0x0000000085c00000| Untracked |  0
|  15|0x0000000085d00000, 0x0000000085e00000, 0x0000000085e00000|100%| O|  |TAMS 0x0000000085d00000| PB 0x0000000085d00000| Untracked |  0
|  16|0x0000000085e00000, 0x0000000085f00000, 0x0000000085f00000|100%| O|  |TAMS 0x0000000085e00000| PB 0x0000000085e00000| Untracked |  0
|  17|0x0000000085f00000, 0x0000000086000000, 0x0000000086000000|100%| O|  |TAMS 0x0000000085f00000| PB 0x0000000085f00000| Untracked |  0
|  18|0x0000000086000000, 0x0000000086100000, 0x0000000086100000|100%| O|  |TAMS 0x0000000086000000| PB 0x0000000086000000| Untracked |  0
|  19|0x0000000086100000, 0x0000000086200000, 0x0000000086200000|100%| O|  |TAMS 0x0000000086100000| PB 0x0000000086100000| Untracked |  0
|  20|0x0000000086200000, 0x0000000086300000, 0x0000000086300000|100%| O|  |TAMS 0x0000000086200000| PB 0x0000000086200000| Untracked |  0
|  21|0x0000000086300000, 0x0000000086300000, 0x0000000086400000|  0%| F|  |TAMS 0x0000000086300000| PB 0x0000000086300000| Untracked |  0
|  22|0x0000000086400000, 0x00000000864fb530, 0x0000000086500000| 98%| O|  |TAMS 0x0000000086400000| PB 0x0000000086400000| Untracked |  0
|  23|0x0000000086500000, 0x0000000086600000, 0x0000000086600000|100%| O|  |TAMS 0x0000000086500000| PB 0x0000000086500000| Untracked |  0
|  24|0x0000000086600000, 0x0000000086700000, 0x0000000086700000|100%| O|  |TAMS 0x0000000086600000| PB 0x0000000086600000| Untracked |  0
|  25|0x0000000086700000, 0x0000000086800000, 0x0000000086800000|100%| O|  |TAMS 0x0000000086700000| PB 0x0000000086700000| Untracked |  0
|  26|0x0000000086800000, 0x0000000086900000, 0x0000000086900000|100%| O|  |TAMS 0x0000000086800000| PB 0x0000000086800000| Untracked |  0
|  27|0x0000000086900000, 0x0000000086a00000, 0x0000000086a00000|100%| O|  |TAMS 0x0000000086900000| PB 0x0000000086900000| Untracked |  0
|  28|0x0000000086a00000, 0x0000000086b00000, 0x0000000086b00000|100%| O|  |TAMS 0x0000000086a00000| PB 0x0000000086a00000| Untracked |  0
|  29|0x0000000086b00000, 0x0000000086c00000, 0x0000000086c00000|100%| O|  |TAMS 0x0000000086b00000| PB 0x0000000086b00000| Untracked |  0
|  30|0x0000000086c00000, 0x0000000086d00000, 0x0000000086d00000|100%| O|  |TAMS 0x0000000086c00000| PB 0x0000000086c00000| Untracked |  0
|  31|0x0000000086d00000, 0x0000000086e00000, 0x0000000086e00000|100%| O|  |TAMS 0x0000000086d00000| PB 0x0000000086d00000| Untracked |  0
|  32|0x0000000086e00000, 0x0000000086f00000, 0x0000000086f00000|100%| O|  |TAMS 0x0000000086e00000| PB 0x0000000086e00000| Untracked |  0
|  33|0x0000000086f00000, 0x0000000087000000, 0x0000000087000000|100%| O|  |TAMS 0x0000000086f00000| PB 0x0000000086f00000| Untracked |  0
|  34|0x0000000087000000, 0x0000000087100000, 0x0000000087100000|100%| O|  |TAMS 0x0000000087000000| PB 0x0000000087000000| Untracked |  0
|  35|0x0000000087100000, 0x0000000087200000, 0x0000000087200000|100%| O|  |TAMS 0x0000000087100000| PB 0x0000000087100000| Untracked |  0
|  36|0x0000000087200000, 0x0000000087300000, 0x0000000087300000|100%| O|  |TAMS 0x0000000087200000| PB 0x0000000087200000| Untracked |  0
|  37|0x0000000087300000, 0x0000000087400000, 0x0000000087400000|100%| O|  |TAMS 0x0000000087300000| PB 0x0000000087300000| Untracked |  0
|  38|0x0000000087400000, 0x00000000874eec98, 0x0000000087500000| 93%| O|  |TAMS 0x0000000087400000| PB 0x0000000087400000| Untracked |  0
|  39|0x0000000087500000, 0x0000000087500000, 0x0000000087600000|  0%| F|  |TAMS 0x0000000087500000| PB 0x0000000087500000| Untracked |  0
|  40|0x0000000087600000, 0x0000000087700000, 0x0000000087700000|100%| O|  |TAMS 0x0000000087600000| PB 0x0000000087600000| Untracked |  0
|  41|0x0000000087700000, 0x0000000087700000, 0x0000000087800000|  0%| F|  |TAMS 0x0000000087700000| PB 0x0000000087700000| Untracked |  0
|  42|0x0000000087800000, 0x0000000087900000, 0x0000000087900000|100%| O|  |TAMS 0x0000000087800000| PB 0x0000000087800000| Untracked |  0
|  43|0x0000000087900000, 0x0000000087a00000, 0x0000000087a00000|100%| O|  |TAMS 0x0000000087900000| PB 0x0000000087900000| Untracked |  0
|  44|0x0000000087a00000, 0x0000000087a00000, 0x0000000087b00000|  0%| F|  |TAMS 0x0000000087a00000| PB 0x0000000087a00000| Untracked |  0
|  45|0x0000000087b00000, 0x0000000087b00000, 0x0000000087c00000|  0%| F|  |TAMS 0x0000000087b00000| PB 0x0000000087b00000| Untracked |  0
|  46|0x0000000087c00000, 0x0000000087c00000, 0x0000000087d00000|  0%| F|  |TAMS 0x0000000087c00000| PB 0x0000000087c00000| Untracked |  0
|  47|0x0000000087d00000, 0x0000000087e00000, 0x0000000087e00000|100%| O|  |TAMS 0x0000000087d00000| PB 0x0000000087d00000| Untracked |  0
|  48|0x0000000087e00000, 0x0000000087e00000, 0x0000000087f00000|  0%| F|  |TAMS 0x0000000087e00000| PB 0x0000000087e00000| Untracked |  0
|  49|0x0000000087f00000, 0x0000000087f00000, 0x0000000088000000|  0%| F|  |TAMS 0x0000000087f00000| PB 0x0000000087f00000| Untracked |  0
|  50|0x0000000088000000, 0x0000000088000000, 0x0000000088100000|  0%| F|  |TAMS 0x0000000088000000| PB 0x0000000088000000| Untracked |  0
|  51|0x0000000088100000, 0x0000000088100000, 0x0000000088200000|  0%| F|  |TAMS 0x0000000088100000| PB 0x0000000088100000| Untracked |  0
|  52|0x0000000088200000, 0x0000000088200000, 0x0000000088300000|  0%| F|  |TAMS 0x0000000088200000| PB 0x0000000088200000| Untracked |  0
|  53|0x0000000088300000, 0x0000000088300000, 0x0000000088400000|  0%| F|  |TAMS 0x0000000088300000| PB 0x0000000088300000| Untracked |  0
|  54|0x0000000088400000, 0x0000000088400000, 0x0000000088500000|  0%| F|  |TAMS 0x0000000088400000| PB 0x0000000088400000| Untracked |  0
|  55|0x0000000088500000, 0x0000000088500000, 0x0000000088600000|  0%| F|  |TAMS 0x0000000088500000| PB 0x0000000088500000| Untracked |  0
|  56|0x0000000088600000, 0x0000000088600000, 0x0000000088700000|  0%| F|  |TAMS 0x0000000088600000| PB 0x0000000088600000| Untracked |  0
|  57|0x0000000088700000, 0x0000000088700000, 0x0000000088800000|  0%| F|  |TAMS 0x0000000088700000| PB 0x0000000088700000| Untracked |  0
|  58|0x0000000088800000, 0x0000000088800000, 0x0000000088900000|  0%| F|  |TAMS 0x0000000088800000| PB 0x0000000088800000| Untracked |  0
|  59|0x0000000088900000, 0x0000000088925428, 0x0000000088a00000| 14%| S|CS|TAMS 0x0000000088900000| PB 0x0000000088900000| Complete |  0
|  60|0x0000000088a00000, 0x0000000088a00000, 0x0000000088b00000|  0%| F|  |TAMS 0x0000000088a00000| PB 0x0000000088a00000| Untracked |  0
|  61|0x0000000088b00000, 0x0000000088b00000, 0x0000000088c00000|  0%| F|  |TAMS 0x0000000088b00000| PB 0x0000000088b00000| Untracked |  0
|  62|0x0000000088c00000, 0x0000000088c00000, 0x0000000088d00000|  0%| F|  |TAMS 0x0000000088c00000| PB 0x0000000088c00000| Untracked |  0
|  63|0x0000000088d00000, 0x0000000088d00000, 0x0000000088e00000|  0%| F|  |TAMS 0x0000000088d00000| PB 0x0000000088d00000| Untracked |  0
|  64|0x0000000088e00000, 0x0000000088e00000, 0x0000000088f00000|  0%| F|  |TAMS 0x0000000088e00000| PB 0x0000000088e00000| Untracked |  0
|  65|0x0000000088f00000, 0x0000000088f00000, 0x0000000089000000|  0%| F|  |TAMS 0x0000000088f00000| PB 0x0000000088f00000| Untracked |  0
|  66|0x0000000089000000, 0x0000000089000000, 0x0000000089100000|  0%| F|  |TAMS 0x0000000089000000| PB 0x0000000089000000| Untracked |  0
|  67|0x0000000089100000, 0x0000000089100000, 0x0000000089200000|  0%| F|  |TAMS 0x0000000089100000| PB 0x0000000089100000| Untracked |  0
|  68|0x0000000089200000, 0x0000000089200000, 0x0000000089300000|  0%| F|  |TAMS 0x0000000089200000| PB 0x0000000089200000| Untracked |  0
|  69|0x0000000089300000, 0x0000000089300000, 0x0000000089400000|  0%| F|  |TAMS 0x0000000089300000| PB 0x0000000089300000| Untracked |  0
|  70|0x0000000089400000, 0x0000000089400000, 0x0000000089500000|  0%| F|  |TAMS 0x0000000089400000| PB 0x0000000089400000| Untracked |  0
|  71|0x0000000089500000, 0x0000000089500000, 0x0000000089600000|  0%| F|  |TAMS 0x0000000089500000| PB 0x0000000089500000| Untracked |  0
|  72|0x0000000089600000, 0x0000000089600000, 0x0000000089700000|  0%| F|  |TAMS 0x0000000089600000| PB 0x0000000089600000| Untracked |  0
|  73|0x0000000089700000, 0x0000000089700000, 0x0000000089800000|  0%| F|  |TAMS 0x0000000089700000| PB 0x0000000089700000| Untracked |  0
|  74|0x0000000089800000, 0x0000000089800000, 0x0000000089900000|  0%| F|  |TAMS 0x0000000089800000| PB 0x0000000089800000| Untracked |  0
|  75|0x0000000089900000, 0x0000000089900000, 0x0000000089a00000|  0%| F|  |TAMS 0x0000000089900000| PB 0x0000000089900000| Untracked |  0
|  76|0x0000000089a00000, 0x0000000089a00000, 0x0000000089b00000|  0%| F|  |TAMS 0x0000000089a00000| PB 0x0000000089a00000| Untracked |  0
|  77|0x0000000089b00000, 0x0000000089b00000, 0x0000000089c00000|  0%| F|  |TAMS 0x0000000089b00000| PB 0x0000000089b00000| Untracked |  0
|  78|0x0000000089c00000, 0x0000000089c00000, 0x0000000089d00000|  0%| F|  |TAMS 0x0000000089c00000| PB 0x0000000089c00000| Untracked |  0
|  79|0x0000000089d00000, 0x0000000089d00000, 0x0000000089e00000|  0%| F|  |TAMS 0x0000000089d00000| PB 0x0000000089d00000| Untracked |  0
|  80|0x0000000089e00000, 0x0000000089e00000, 0x0000000089f00000|  0%| F|  |TAMS 0x0000000089e00000| PB 0x0000000089e00000| Untracked |  0
|  81|0x0000000089f00000, 0x0000000089f00000, 0x000000008a000000|  0%| F|  |TAMS 0x0000000089f00000| PB 0x0000000089f00000| Untracked |  0
|  82|0x000000008a000000, 0x000000008a000000, 0x000000008a100000|  0%| F|  |TAMS 0x000000008a000000| PB 0x000000008a000000| Untracked |  0
|  83|0x000000008a100000, 0x000000008a100000, 0x000000008a200000|  0%| F|  |TAMS 0x000000008a100000| PB 0x000000008a100000| Untracked |  0
|  84|0x000000008a200000, 0x000000008a200000, 0x000000008a300000|  0%| F|  |TAMS 0x000000008a200000| PB 0x000000008a200000| Untracked |  0
|  85|0x000000008a300000, 0x000000008a300000, 0x000000008a400000|  0%| F|  |TAMS 0x000000008a300000| PB 0x000000008a300000| Untracked |  0
|  86|0x000000008a400000, 0x000000008a400000, 0x000000008a500000|  0%| F|  |TAMS 0x000000008a400000| PB 0x000000008a400000| Untracked |  0
|  87|0x000000008a500000, 0x000000008a500000, 0x000000008a600000|  0%| F|  |TAMS 0x000000008a500000| PB 0x000000008a500000| Untracked |  0
|  88|0x000000008a600000, 0x000000008a600000, 0x000000008a700000|  0%| F|  |TAMS 0x000000008a600000| PB 0x000000008a600000| Untracked |  0
|  89|0x000000008a700000, 0x000000008a700000, 0x000000008a800000|  0%| F|  |TAMS 0x000000008a700000| PB 0x000000008a700000| Untracked |  0
|  90|0x000000008a800000, 0x000000008a800000, 0x000000008a900000|  0%| F|  |TAMS 0x000000008a800000| PB 0x000000008a800000| Untracked |  0
|  91|0x000000008a900000, 0x000000008a900000, 0x000000008aa00000|  0%| F|  |TAMS 0x000000008a900000| PB 0x000000008a900000| Untracked |  0
|  92|0x000000008aa00000, 0x000000008aa00000, 0x000000008ab00000|  0%| F|  |TAMS 0x000000008aa00000| PB 0x000000008aa00000| Untracked |  0
|  93|0x000000008ab00000, 0x000000008ab00000, 0x000000008ac00000|  0%| F|  |TAMS 0x000000008ab00000| PB 0x000000008ab00000| Untracked |  0
|  94|0x000000008ac00000, 0x000000008ac00000, 0x000000008ad00000|  0%| F|  |TAMS 0x000000008ac00000| PB 0x000000008ac00000| Untracked |  0
|  95|0x000000008ad00000, 0x000000008ad00000, 0x000000008ae00000|  0%| F|  |TAMS 0x000000008ad00000| PB 0x000000008ad00000| Untracked |  0
|  96|0x000000008ae00000, 0x000000008ae00000, 0x000000008af00000|  0%| F|  |TAMS 0x000000008ae00000| PB 0x000000008ae00000| Untracked |  0
|  97|0x000000008af00000, 0x000000008af00000, 0x000000008b000000|  0%| F|  |TAMS 0x000000008af00000| PB 0x000000008af00000| Untracked |  0
|  98|0x000000008b000000, 0x000000008b000000, 0x000000008b100000|  0%| F|  |TAMS 0x000000008b000000| PB 0x000000008b000000| Untracked |  0
|  99|0x000000008b100000, 0x000000008b100000, 0x000000008b200000|  0%| F|  |TAMS 0x000000008b100000| PB 0x000000008b100000| Untracked |  0
| 100|0x000000008b200000, 0x000000008b200000, 0x000000008b300000|  0%| F|  |TAMS 0x000000008b200000| PB 0x000000008b200000| Untracked |  0
| 101|0x000000008b300000, 0x000000008b300000, 0x000000008b400000|  0%| F|  |TAMS 0x000000008b300000| PB 0x000000008b300000| Untracked |  0
| 102|0x000000008b400000, 0x000000008b400000, 0x000000008b500000|  0%| F|  |TAMS 0x000000008b400000| PB 0x000000008b400000| Untracked |  0
| 103|0x000000008b500000, 0x000000008b500000, 0x000000008b600000|  0%| F|  |TAMS 0x000000008b500000| PB 0x000000008b500000| Untracked |  0
| 104|0x000000008b600000, 0x000000008b600000, 0x000000008b700000|  0%| F|  |TAMS 0x000000008b600000| PB 0x000000008b600000| Untracked |  0
| 105|0x000000008b700000, 0x000000008b700000, 0x000000008b800000|  0%| F|  |TAMS 0x000000008b700000| PB 0x000000008b700000| Untracked |  0
| 106|0x000000008b800000, 0x000000008b800000, 0x000000008b900000|  0%| F|  |TAMS 0x000000008b800000| PB 0x000000008b800000| Untracked |  0
| 107|0x000000008b900000, 0x000000008b900000, 0x000000008ba00000|  0%| F|  |TAMS 0x000000008b900000| PB 0x000000008b900000| Untracked |  0
| 108|0x000000008ba00000, 0x000000008ba00000, 0x000000008bb00000|  0%| F|  |TAMS 0x000000008ba00000| PB 0x000000008ba00000| Untracked |  0
| 109|0x000000008bb00000, 0x000000008bb00000, 0x000000008bc00000|  0%| F|  |TAMS 0x000000008bb00000| PB 0x000000008bb00000| Untracked |  0
| 110|0x000000008bc00000, 0x000000008bc00000, 0x000000008bd00000|  0%| F|  |TAMS 0x000000008bc00000| PB 0x000000008bc00000| Untracked |  0
| 111|0x000000008bd00000, 0x000000008bd00000, 0x000000008be00000|  0%| F|  |TAMS 0x000000008bd00000| PB 0x000000008bd00000| Untracked |  0
| 112|0x000000008be00000, 0x000000008be00000, 0x000000008bf00000|  0%| F|  |TAMS 0x000000008be00000| PB 0x000000008be00000| Untracked |  0
| 113|0x000000008bf00000, 0x000000008bf00000, 0x000000008c000000|  0%| F|  |TAMS 0x000000008bf00000| PB 0x000000008bf00000| Untracked |  0
| 114|0x000000008c000000, 0x000000008c000000, 0x000000008c100000|  0%| F|  |TAMS 0x000000008c000000| PB 0x000000008c000000| Untracked |  0
| 115|0x000000008c100000, 0x000000008c100000, 0x000000008c200000|  0%| F|  |TAMS 0x000000008c100000| PB 0x000000008c100000| Untracked |  0
| 116|0x000000008c200000, 0x000000008c200000, 0x000000008c300000|  0%| F|  |TAMS 0x000000008c200000| PB 0x000000008c200000| Untracked |  0
| 117|0x000000008c300000, 0x000000008c300000, 0x000000008c400000|  0%| F|  |TAMS 0x000000008c300000| PB 0x000000008c300000| Untracked |  0
| 118|0x000000008c400000, 0x000000008c400000, 0x000000008c500000|  0%| F|  |TAMS 0x000000008c400000| PB 0x000000008c400000| Untracked |  0
| 119|0x000000008c500000, 0x000000008c500000, 0x000000008c600000|  0%| F|  |TAMS 0x000000008c500000| PB 0x000000008c500000| Untracked |  0
| 120|0x000000008c600000, 0x000000008c600000, 0x000000008c700000|  0%| F|  |TAMS 0x000000008c600000| PB 0x000000008c600000| Untracked |  0
| 121|0x000000008c700000, 0x000000008c700000, 0x000000008c800000|  0%| F|  |TAMS 0x000000008c700000| PB 0x000000008c700000| Untracked |  0
| 122|0x000000008c800000, 0x000000008c800000, 0x000000008c900000|  0%| F|  |TAMS 0x000000008c800000| PB 0x000000008c800000| Untracked |  0
| 123|0x000000008c900000, 0x000000008c900000, 0x000000008ca00000|  0%| F|  |TAMS 0x000000008c900000| PB 0x000000008c900000| Untracked |  0
| 124|0x000000008ca00000, 0x000000008ca00000, 0x000000008cb00000|  0%| F|  |TAMS 0x000000008ca00000| PB 0x000000008ca00000| Untracked |  0
| 125|0x000000008cb00000, 0x000000008cb00000, 0x000000008cc00000|  0%| F|  |TAMS 0x000000008cb00000| PB 0x000000008cb00000| Untracked |  0
| 126|0x000000008cc00000, 0x000000008cc00000, 0x000000008cd00000|  0%| F|  |TAMS 0x000000008cc00000| PB 0x000000008cc00000| Untracked |  0
| 127|0x000000008cd00000, 0x000000008cd00000, 0x000000008ce00000|  0%| F|  |TAMS 0x000000008cd00000| PB 0x000000008cd00000| Untracked |  0
| 128|0x000000008ce00000, 0x000000008ce00000, 0x000000008cf00000|  0%| F|  |TAMS 0x000000008ce00000| PB 0x000000008ce00000| Untracked |  0
| 129|0x000000008cf00000, 0x000000008cfbea88, 0x000000008d000000| 74%| E|  |TAMS 0x000000008cf00000| PB 0x000000008cf00000| Complete |  0
| 130|0x000000008d000000, 0x000000008d100000, 0x000000008d100000|100%| E|CS|TAMS 0x000000008d000000| PB 0x000000008d000000| Complete |  0
| 131|0x000000008d100000, 0x000000008d200000, 0x000000008d200000|100%| E|CS|TAMS 0x000000008d100000| PB 0x000000008d100000| Complete |  0
| 132|0x000000008d200000, 0x000000008d300000, 0x000000008d300000|100%| E|CS|TAMS 0x000000008d200000| PB 0x000000008d200000| Complete |  0
| 133|0x000000008d300000, 0x000000008d400000, 0x000000008d400000|100%| E|CS|TAMS 0x000000008d300000| PB 0x000000008d300000| Complete |  0
| 134|0x000000008d400000, 0x000000008d500000, 0x000000008d500000|100%| E|CS|TAMS 0x000000008d400000| PB 0x000000008d400000| Complete |  0
| 135|0x000000008d500000, 0x000000008d600000, 0x000000008d600000|100%| E|CS|TAMS 0x000000008d500000| PB 0x000000008d500000| Complete |  0
| 136|0x000000008d600000, 0x000000008d700000, 0x000000008d700000|100%| E|CS|TAMS 0x000000008d600000| PB 0x000000008d600000| Complete |  0
| 137|0x000000008d700000, 0x000000008d800000, 0x000000008d800000|100%| E|CS|TAMS 0x000000008d700000| PB 0x000000008d700000| Complete |  0
| 138|0x000000008d800000, 0x000000008d900000, 0x000000008d900000|100%| E|CS|TAMS 0x000000008d800000| PB 0x000000008d800000| Complete |  0
| 139|0x000000008d900000, 0x000000008da00000, 0x000000008da00000|100%| E|CS|TAMS 0x000000008d900000| PB 0x000000008d900000| Complete |  0
| 140|0x000000008da00000, 0x000000008db00000, 0x000000008db00000|100%| E|CS|TAMS 0x000000008da00000| PB 0x000000008da00000| Complete |  0
| 141|0x000000008db00000, 0x000000008dc00000, 0x000000008dc00000|100%| E|CS|TAMS 0x000000008db00000| PB 0x000000008db00000| Complete |  0
| 142|0x000000008dc00000, 0x000000008dd00000, 0x000000008dd00000|100%| E|CS|TAMS 0x000000008dc00000| PB 0x000000008dc00000| Complete |  0
| 143|0x000000008dd00000, 0x000000008de00000, 0x000000008de00000|100%| E|CS|TAMS 0x000000008dd00000| PB 0x000000008dd00000| Complete |  0
| 150|0x000000008e400000, 0x000000008e500000, 0x000000008e500000|100%| E|CS|TAMS 0x000000008e400000| PB 0x000000008e400000| Complete |  0
| 151|0x000000008e500000, 0x000000008e600000, 0x000000008e600000|100%| E|CS|TAMS 0x000000008e500000| PB 0x000000008e500000| Complete |  0
|1969|0x00000000fff00000, 0x0000000100000000, 0x0000000100000000|100%| E|CS|TAMS 0x00000000fff00000| PB 0x00000000fff00000| Complete |  0

Card table byte_map: [0x0000024118b80000,0x0000024118f60000] _byte_map_base: 0x0000024118759000

Marking Bits: (CMBitMap*) 0x000002417fa40770
 Bits: [0x0000024118f60000, 0x000002411ae28000)

Polling page: 0x000002417f4e0000

Metaspace:

Usage:
  Non-class:     74.19 MB used.
      Class:     11.37 MB used.
       Both:     85.56 MB used.

Virtual space:
  Non-class space:      128.00 MB reserved,      74.88 MB ( 58%) committed,  2 nodes.
      Class space:        1.00 GB reserved,      11.81 MB (  1%) committed,  1 nodes.
             Both:        1.12 GB reserved,      86.69 MB (  8%) committed. 

Chunk freelists:
   Non-Class:  5.42 MB
       Class:  4.37 MB
        Both:  9.79 MB

MaxMetaspaceSize: unlimited
CompressedClassSpaceSize: 1.00 GB
Initial GC threshold: 21.00 MB
Current GC threshold: 144.31 MB
CDS: on
 - commit_granule_bytes: 65536.
 - commit_granule_words: 8192.
 - virtual_space_node_default_size: 8388608.
 - enlarge_chunks_in_place: 1.
 - use_allocation_guard: 0.


Internal statistics:

num_allocs_failed_limit: 6.
num_arena_births: 1238.
num_arena_deaths: 322.
num_vsnodes_births: 3.
num_vsnodes_deaths: 0.
num_space_committed: 1387.
num_space_uncommitted: 0.
num_chunks_returned_to_freelist: 383.
num_chunks_taken_from_freelist: 4423.
num_chunk_merges: 98.
num_chunk_splits: 3148.
num_chunks_enlarged: 2397.
num_inconsistent_stats: 0.

CodeHeap 'non-profiled nmethods': size=120000Kb used=7539Kb max_used=10661Kb free=112460Kb
 bounds [0x0000024111160000, 0x0000024111bd0000, 0x0000024118690000]
CodeHeap 'profiled nmethods': size=120000Kb used=5332Kb max_used=27269Kb free=114667Kb
 bounds [0x0000024109690000, 0x000002410b160000, 0x0000024110bc0000]
CodeHeap 'non-nmethods': size=5760Kb used=1811Kb max_used=1860Kb free=3948Kb
 bounds [0x0000024110bc0000, 0x0000024110e30000, 0x0000024111160000]
 total_blobs=4032 nmethods=3222 adapters=713
 compilation: enabled
              stopped_count=0, restarted_count=0
 full_count=0

Compilation events (20 events):
Event: 1988.448 Thread 0x000002411d458e10 nmethod 15956 0x00000241119fce90 code [0x00000241119fd020, 0x00000241119fd2e0]
Event: 1988.481 Thread 0x000002411d458e10 15957       4       org.apache.coyote.Response::getContentType (29 bytes)
Event: 1988.482 Thread 0x000002411d458e10 nmethod 15957 0x000002411117a510 code [0x000002411117a680, 0x000002411117a738]
Event: 1988.519 Thread 0x000002411d458e10 15958       4       org.apache.tomcat.util.buf.UDecoder::convert (338 bytes)
Event: 1988.527 Thread 0x000002411d458e10 nmethod 15958 0x00000241111be090 code [0x00000241111be220, 0x00000241111be490]
Event: 1988.630 Thread 0x000002411d458e10 15959       4       org.hibernate.internal.util.collections.StandardStack::clear (29 bytes)
Event: 1988.630 Thread 0x000002411d458e10 nmethod 15959 0x000002411117e190 code [0x000002411117e300, 0x000002411117e3b0]
Event: 1989.448 Thread 0x000002411d45a720 15960       3       org.apache.coyote.http11.Http11OutputBuffer::commit (13 bytes)
Event: 1989.449 Thread 0x000002411d45a720 nmethod 15960 0x000002410a462c10 code [0x000002410a462dc0, 0x000002410a463008]
Event: 1989.548 Thread 0x000002411d458e10 15961       4       java.util.regex.Pattern$Begin::match (62 bytes)
Event: 1989.554 Thread 0x000002411d458e10 nmethod 15961 0x0000024111246e10 code [0x0000024111246fc0, 0x00000241112472b0]
Event: 1989.675 Thread 0x000002411d458e10 15962       4       org.springframework.data.repository.query.ParametersParameterAccessor::getSort (62 bytes)
Event: 1989.677 Thread 0x000002411d458e10 nmethod 15962 0x00000241117da590 code [0x00000241117da720, 0x00000241117da810]
Event: 1989.686 Thread 0x000002411d458e10 15963       4       com.fasterxml.jackson.core.json.UTF8JsonGenerator::writeNull (11 bytes)
Event: 1989.692 Thread 0x000002411d458e10 nmethod 15963 0x00000241111d0290 code [0x00000241111d0440, 0x00000241111d0750]
Event: 1989.734 Thread 0x000002411d458e10 15964       4       org.apache.coyote.http11.Http11Processor::prepareResponse (779 bytes)
Event: 1989.734 Thread 0x000002411d45a720 15965       3       org.apache.coyote.http11.AbstractHttp11Protocol::getUseSendfile (8 bytes)
Event: 1989.735 Thread 0x000002411d45a720 nmethod 15965 0x00000241096d6a90 code [0x00000241096d6c40, 0x00000241096d70f0]
Event: 1989.735 Thread 0x000002411d45a720 15966       3       org.apache.coyote.http11.AbstractHttp11Protocol::useCompression (10 bytes)
Event: 1989.735 Thread 0x000002411d45a720 nmethod 15966 0x000002410a930e10 code [0x000002410a930fc0, 0x000002410a931110]

GC Heap History (20 events):
Event: 1902.740 GC heap before
{Heap before GC invocations=59 (full 0):
 garbage-first heap   total reserved 2017280K, committed 153600K, used 135309K [0x0000000084e00000, 0x0000000100000000)
  region size 1024K, 90 young (92160K), 1 survivors (1024K)
 Metaspace       used 87896K, committed 88768K, reserved 1179648K
  class space    used 11724K, committed 12096K, reserved 1048576K
}
Event: 1902.760 GC heap after
{Heap after GC invocations=60 (full 0):
 garbage-first heap   total reserved 2017280K, committed 153600K, used 44405K [0x0000000084e00000, 0x0000000100000000)
  region size 1024K, 1 young (1024K), 1 survivors (1024K)
 Metaspace       used 87896K, committed 88768K, reserved 1179648K
  class space    used 11724K, committed 12096K, reserved 1048576K
}
Event: 1920.509 GC heap before
{Heap before GC invocations=60 (full 0):
 garbage-first heap   total reserved 2017280K, committed 153600K, used 135541K [0x0000000084e00000, 0x0000000100000000)
  region size 1024K, 90 young (92160K), 1 survivors (1024K)
 Metaspace       used 87897K, committed 88768K, reserved 1179648K
  class space    used 11724K, committed 12096K, reserved 1048576K
}
Event: 1920.513 GC heap after
{Heap after GC invocations=61 (full 0):
 garbage-first heap   total reserved 2017280K, committed 153600K, used 44577K [0x0000000084e00000, 0x0000000100000000)
  region size 1024K, 1 young (1024K), 1 survivors (1024K)
 Metaspace       used 87897K, committed 88768K, reserved 1179648K
  class space    used 11724K, committed 12096K, reserved 1048576K
}
Event: 1926.954 GC heap before
{Heap before GC invocations=62 (full 0):
 garbage-first heap   total reserved 2017280K, committed 150528K, used 133665K [0x0000000084e00000, 0x0000000100000000)
  region size 1024K, 88 young (90112K), 1 survivors (1024K)
 Metaspace       used 87897K, committed 88768K, reserved 1179648K
  class space    used 11724K, committed 12096K, reserved 1048576K
}
Event: 1926.997 GC heap after
{Heap after GC invocations=63 (full 0):
 garbage-first heap   total reserved 2017280K, committed 150528K, used 44658K [0x0000000084e00000, 0x0000000100000000)
  region size 1024K, 1 young (1024K), 1 survivors (1024K)
 Metaspace       used 87897K, committed 88768K, reserved 1179648K
  class space    used 11724K, committed 12096K, reserved 1048576K
}
Event: 1932.616 GC heap before
{Heap before GC invocations=63 (full 0):
 garbage-first heap   total reserved 2017280K, committed 150528K, used 133746K [0x0000000084e00000, 0x0000000100000000)
  region size 1024K, 88 young (90112K), 1 survivors (1024K)
 Metaspace       used 87899K, committed 88768K, reserved 1179648K
  class space    used 11724K, committed 12096K, reserved 1048576K
}
Event: 1932.704 GC heap after
{Heap after GC invocations=64 (full 0):
 garbage-first heap   total reserved 2017280K, committed 150528K, used 44126K [0x0000000084e00000, 0x0000000100000000)
  region size 1024K, 1 young (1024K), 1 survivors (1024K)
 Metaspace       used 87899K, committed 88768K, reserved 1179648K
  class space    used 11724K, committed 12096K, reserved 1048576K
}
Event: 1941.039 GC heap before
{Heap before GC invocations=64 (full 0):
 garbage-first heap   total reserved 2017280K, committed 150528K, used 133214K [0x0000000084e00000, 0x0000000100000000)
  region size 1024K, 88 young (90112K), 1 survivors (1024K)
 Metaspace       used 87899K, committed 88768K, reserved 1179648K
  class space    used 11724K, committed 12096K, reserved 1048576K
}
Event: 1941.047 GC heap after
{Heap after GC invocations=65 (full 0):
 garbage-first heap   total reserved 2017280K, committed 150528K, used 44177K [0x0000000084e00000, 0x0000000100000000)
  region size 1024K, 1 young (1024K), 1 survivors (1024K)
 Metaspace       used 87899K, committed 88768K, reserved 1179648K
  class space    used 11724K, committed 12096K, reserved 1048576K
}
Event: 1947.999 GC heap before
{Heap before GC invocations=66 (full 0):
 garbage-first heap   total reserved 2017280K, committed 150528K, used 133265K [0x0000000084e00000, 0x0000000100000000)
  region size 1024K, 88 young (90112K), 1 survivors (1024K)
 Metaspace       used 87756K, committed 88768K, reserved 1179648K
  class space    used 11684K, committed 12096K, reserved 1048576K
}
Event: 1948.002 GC heap after
{Heap after GC invocations=67 (full 0):
 garbage-first heap   total reserved 2017280K, committed 150528K, used 44196K [0x0000000084e00000, 0x0000000100000000)
  region size 1024K, 1 young (1024K), 1 survivors (1024K)
 Metaspace       used 87756K, committed 88768K, reserved 1179648K
  class space    used 11684K, committed 12096K, reserved 1048576K
}
Event: 1955.852 GC heap before
{Heap before GC invocations=67 (full 0):
 garbage-first heap   total reserved 2017280K, committed 150528K, used 133284K [0x0000000084e00000, 0x0000000100000000)
  region size 1024K, 88 young (90112K), 1 survivors (1024K)
 Metaspace       used 87758K, committed 88768K, reserved 1179648K
  class space    used 11684K, committed 12096K, reserved 1048576K
}
Event: 1955.923 GC heap after
{Heap after GC invocations=68 (full 0):
 garbage-first heap   total reserved 2017280K, committed 150528K, used 43737K [0x0000000084e00000, 0x0000000100000000)
  region size 1024K, 1 young (1024K), 1 survivors (1024K)
 Metaspace       used 87758K, committed 88768K, reserved 1179648K
  class space    used 11684K, committed 12096K, reserved 1048576K
}
Event: 1963.826 GC heap before
{Heap before GC invocations=68 (full 0):
 garbage-first heap   total reserved 2017280K, committed 150528K, used 132825K [0x0000000084e00000, 0x0000000100000000)
  region size 1024K, 88 young (90112K), 1 survivors (1024K)
 Metaspace       used 87759K, committed 88768K, reserved 1179648K
  class space    used 11684K, committed 12096K, reserved 1048576K
}
Event: 1963.830 GC heap after
{Heap after GC invocations=69 (full 0):
 garbage-first heap   total reserved 2017280K, committed 150528K, used 43852K [0x0000000084e00000, 0x0000000100000000)
  region size 1024K, 1 young (1024K), 1 survivors (1024K)
 Metaspace       used 87759K, committed 88768K, reserved 1179648K
  class space    used 11684K, committed 12096K, reserved 1048576K
}
Event: 1978.322 GC heap before
{Heap before GC invocations=70 (full 0):
 garbage-first heap   total reserved 2017280K, committed 150528K, used 132940K [0x0000000084e00000, 0x0000000100000000)
  region size 1024K, 88 young (90112K), 1 survivors (1024K)
 Metaspace       used 87616K, committed 88768K, reserved 1179648K
  class space    used 11643K, committed 12096K, reserved 1048576K
}
Event: 1978.325 GC heap after
{Heap after GC invocations=71 (full 0):
 garbage-first heap   total reserved 2017280K, committed 150528K, used 43875K [0x0000000084e00000, 0x0000000100000000)
  region size 1024K, 1 young (1024K), 1 survivors (1024K)
 Metaspace       used 87616K, committed 88768K, reserved 1179648K
  class space    used 11643K, committed 12096K, reserved 1048576K
}
Event: 1988.054 GC heap before
{Heap before GC invocations=71 (full 0):
 garbage-first heap   total reserved 2017280K, committed 150528K, used 132963K [0x0000000084e00000, 0x0000000100000000)
  region size 1024K, 88 young (90112K), 1 survivors (1024K)
 Metaspace       used 87617K, committed 88768K, reserved 1179648K
  class space    used 11643K, committed 12096K, reserved 1048576K
}
Event: 1988.089 GC heap after
{Heap after GC invocations=72 (full 0):
 garbage-first heap   total reserved 2017280K, committed 150528K, used 43069K [0x0000000084e00000, 0x0000000100000000)
  region size 1024K, 1 young (1024K), 1 survivors (1024K)
 Metaspace       used 87617K, committed 88768K, reserved 1179648K
  class space    used 11643K, committed 12096K, reserved 1048576K
}

Dll operation events (15 events):
Event: 0.023 Loaded shared library C:\Users\RSC\.jdks\openjdk-22\bin\java.dll
Event: 0.090 Loaded shared library C:\Users\RSC\.jdks\openjdk-22\bin\jsvml.dll
Event: 0.382 Loaded shared library C:\Users\RSC\.jdks\openjdk-22\bin\zip.dll
Event: 0.388 Loaded shared library C:\Users\RSC\.jdks\openjdk-22\bin\instrument.dll
Event: 0.401 Loaded shared library C:\Users\RSC\.jdks\openjdk-22\bin\net.dll
Event: 0.404 Loaded shared library C:\Users\RSC\.jdks\openjdk-22\bin\nio.dll
Event: 0.412 Loaded shared library C:\Users\RSC\.jdks\openjdk-22\bin\zip.dll
Event: 1.656 Loaded shared library C:\Users\RSC\.jdks\openjdk-22\bin\jimage.dll
Event: 2.120 Loaded shared library C:\Program Files\JetBrains\IntelliJ IDEA Community Edition 2024.1\bin\breakgen64.dll
Event: 2.145 Loaded shared library C:\Users\RSC\.jdks\openjdk-22\bin\extnet.dll
Event: 2.859 Loaded shared library C:\Users\RSC\.jdks\openjdk-22\bin\management.dll
Event: 2.864 Loaded shared library C:\Users\RSC\.jdks\openjdk-22\bin\management_ext.dll
Event: 3.959 Loaded shared library C:\Users\RSC\.jdks\openjdk-22\bin\le.dll
Event: 5.754 Loaded shared library C:\Users\RSC\.jdks\openjdk-22\bin\sunmscapi.dll
Event: 11.971 Loaded shared library C:\Users\RSC\.jdks\openjdk-22\bin\verify.dll

Deoptimization events (20 events):
Event: 1964.026 Thread 0x000002416539c580 Uncommon trap: trap_request=0xffffff54 fr.pc=0x00000241113cc7a8 relative=0x00000000000012c8
Event: 1964.026 Thread 0x000002416539c580 Uncommon trap: reason=speculate_null_assert action=make_not_entrant pc=0x00000241113cc7a8 method=org.springframework.util.ConcurrentReferenceHashMap$Segment.restructureIfNecessary(Z)V @ 41 c2
Event: 1964.026 Thread 0x000002416539c580 DEOPT PACKING pc=0x00000241113cc7a8 sp=0x0000007978efb5f0
Event: 1964.026 Thread 0x000002416539c580 DEOPT UNPACKING pc=0x0000024110c146a2 sp=0x0000007978efb408 mode 2
Event: 1984.491 Thread 0x000002416539c580 Uncommon trap: trap_request=0xffffffd6 fr.pc=0x0000024111272e54 relative=0x0000000000004594
Event: 1984.491 Thread 0x000002416539c580 Uncommon trap: reason=array_check action=maybe_recompile pc=0x0000024111272e54 method=org.apache.coyote.http11.Http11OutputBuffer.addActiveFilter(Lorg/apache/coyote/http11/OutputFilter;)V @ 79 c2
Event: 1984.491 Thread 0x000002416539c580 DEOPT PACKING pc=0x0000024111272e54 sp=0x0000007978efaf80
Event: 1984.491 Thread 0x000002416539c580 DEOPT UNPACKING pc=0x0000024110c146a2 sp=0x0000007978efaed8 mode 2
Event: 1984.555 Thread 0x000002416539d2a0 Uncommon trap: trap_request=0xffffffd6 fr.pc=0x0000024111272e54 relative=0x0000000000004594
Event: 1984.555 Thread 0x000002416539d2a0 Uncommon trap: reason=array_check action=maybe_recompile pc=0x0000024111272e54 method=org.apache.coyote.http11.Http11OutputBuffer.addActiveFilter(Lorg/apache/coyote/http11/OutputFilter;)V @ 79 c2
Event: 1984.555 Thread 0x000002416539d2a0 DEOPT PACKING pc=0x0000024111272e54 sp=0x00000079791fabe0
Event: 1984.555 Thread 0x000002416539d2a0 DEOPT UNPACKING pc=0x0000024110c146a2 sp=0x00000079791fab38 mode 2
Event: 1984.700 Thread 0x00000241687cd820 Uncommon trap: trap_request=0xffffffd6 fr.pc=0x0000024111272e54 relative=0x0000000000004594
Event: 1984.700 Thread 0x00000241687cd820 Uncommon trap: reason=array_check action=maybe_recompile pc=0x0000024111272e54 method=org.apache.coyote.http11.Http11OutputBuffer.addActiveFilter(Lorg/apache/coyote/http11/OutputFilter;)V @ 79 c2
Event: 1984.700 Thread 0x00000241687cd820 DEOPT PACKING pc=0x0000024111272e54 sp=0x00000079797fb090
Event: 1984.794 Thread 0x00000241687cd820 DEOPT UNPACKING pc=0x0000024110c146a2 sp=0x00000079797fafe8 mode 2
Event: 1984.909 Thread 0x00000241687cb0c0 Uncommon trap: trap_request=0xffffffd6 fr.pc=0x0000024111272e54 relative=0x0000000000004594
Event: 1984.909 Thread 0x00000241687cb0c0 Uncommon trap: reason=array_check action=maybe_recompile pc=0x0000024111272e54 method=org.apache.coyote.http11.Http11OutputBuffer.addActiveFilter(Lorg/apache/coyote/http11/OutputFilter;)V @ 79 c2
Event: 1984.909 Thread 0x00000241687cb0c0 DEOPT PACKING pc=0x0000024111272e54 sp=0x00000079796faf80
Event: 1984.958 Thread 0x00000241687cb0c0 DEOPT UNPACKING pc=0x0000024110c146a2 sp=0x00000079796faed8 mode 2

Classes loaded (20 events):
Event: 1177.673 Loading class java/util/ArrayList$SubList$1
Event: 1177.673 Loading class java/util/ArrayList$SubList$1 done
Event: 1177.674 Loading class sun/util/resources/Bundles$2
Event: 1177.674 Loading class sun/util/resources/Bundles$2 done
Event: 1278.439 Loading class java/io/PushbackInputStream
Event: 1278.440 Loading class java/io/PushbackInputStream done
Event: 1278.446 Loading class org/w3c/dom/Node
Event: 1278.450 Loading class org/w3c/dom/Node done
Event: 1278.450 Loading class org/w3c/dom/Document
Event: 1278.450 Loading class org/w3c/dom/Document done
Event: 1279.144 Loading class jdk/internal/reflect/MethodHandleDoubleFieldAccessorImpl
Event: 1279.145 Loading class jdk/internal/reflect/MethodHandleDoubleFieldAccessorImpl done
Event: 1287.841 Loading class java/util/concurrent/locks/ReentrantReadWriteLock$Sync$HoldCounter
Event: 1287.842 Loading class java/util/concurrent/locks/ReentrantReadWriteLock$Sync$HoldCounter done
Event: 1778.410 Loading class sun/security/ssl/Alert
Event: 1778.474 Loading class sun/security/ssl/Alert done
Event: 1778.489 Loading class sun/security/ssl/Alert$AlertConsumer
Event: 1778.514 Loading class sun/security/ssl/Alert$AlertConsumer done
Event: 1778.515 Loading class sun/security/ssl/Alert$Level
Event: 1778.536 Loading class sun/security/ssl/Alert$Level done

Classes unloaded (20 events):
Event: 1963.980 Thread 0x000002411d4333b0 Unloading class 0x000002411f390800 'java/lang/invoke/LambdaForm$MH+0x000002411f390800'
Event: 1963.980 Thread 0x000002411d4333b0 Unloading class 0x000002411f388c00 'java/lang/invoke/LambdaForm$MH+0x000002411f388c00'
Event: 1963.980 Thread 0x000002411d4333b0 Unloading class 0x000002411f35a400 'java/lang/invoke/LambdaForm$MH+0x000002411f35a400'
Event: 1963.980 Thread 0x000002411d4333b0 Unloading class 0x000002411f359400 'java/lang/invoke/LambdaForm$MH+0x000002411f359400'
Event: 1963.980 Thread 0x000002411d4333b0 Unloading class 0x000002411f359000 'java/lang/invoke/LambdaForm$MH+0x000002411f359000'
Event: 1963.980 Thread 0x000002411d4333b0 Unloading class 0x000002411f358800 'java/lang/invoke/LambdaForm$MH+0x000002411f358800'
Event: 1963.980 Thread 0x000002411d4333b0 Unloading class 0x000002411f358000 'java/lang/invoke/LambdaForm$MH+0x000002411f358000'
Event: 1963.980 Thread 0x000002411d4333b0 Unloading class 0x000002411f11e400 'java/lang/invoke/LambdaForm$MH+0x000002411f11e400'
Event: 1963.980 Thread 0x000002411d4333b0 Unloading class 0x000002411f11dc00 'java/lang/invoke/LambdaForm$MH+0x000002411f11dc00'
Event: 1963.980 Thread 0x000002411d4333b0 Unloading class 0x000002411f11d400 'java/lang/invoke/LambdaForm$MH+0x000002411f11d400'
Event: 1963.980 Thread 0x000002411d4333b0 Unloading class 0x000002411f11d000 'java/lang/invoke/LambdaForm$MH+0x000002411f11d000'
Event: 1963.980 Thread 0x000002411d4333b0 Unloading class 0x000002411f11c800 'java/lang/invoke/LambdaForm$MH+0x000002411f11c800'
Event: 1963.980 Thread 0x000002411d4333b0 Unloading class 0x000002411f111400 'java/lang/invoke/LambdaForm$MH+0x000002411f111400'
Event: 1963.980 Thread 0x000002411d4333b0 Unloading class 0x000002411f111000 'java/lang/invoke/LambdaForm$MH+0x000002411f111000'
Event: 1963.980 Thread 0x000002411d4333b0 Unloading class 0x000002411f098400 'java/lang/invoke/LambdaForm$MH+0x000002411f098400'
Event: 1963.980 Thread 0x000002411d4333b0 Unloading class 0x000002411f01b800 'java/lang/invoke/LambdaForm$MH+0x000002411f01b800'
Event: 1963.980 Thread 0x000002411d4333b0 Unloading class 0x000002411f01b000 'java/lang/invoke/LambdaForm$MH+0x000002411f01b000'
Event: 1963.980 Thread 0x000002411d4333b0 Unloading class 0x000002411f01a800 'java/lang/invoke/LambdaForm$MH+0x000002411f01a800'
Event: 1963.980 Thread 0x000002411d4333b0 Unloading class 0x000002411f015400 'java/lang/invoke/LambdaForm$MH+0x000002411f015400'
Event: 1963.980 Thread 0x000002411d4333b0 Unloading class 0x000002411f014000 'java/lang/invoke/LambdaForm$MH+0x000002411f014000'

Classes redefined (0 events):
No events

Internal exceptions (20 events):
Event: 1287.918 Thread 0x00000241687cd820 Exception <a 'java/lang/NoSuchMethodError'{0x000000008d9fc7a8}: 'java.lang.Object java.lang.invoke.DirectMethodHandle$Holder.invokeVirtual(java.lang.Object, java.lang.Object, java.lang.Object, java.lang.Object, java.lang.Object, java.lang.Object, java.lang.Object, java.lang.Object, java.lang.Object, java.lang.Object, java.lang.Object, java.lang.Object)'> (0x000000008d9fc7a8) 
thrown [s\open\src\hotspot\share\interpreter\linkResolver.cpp, line 774]
Event: 1287.943 Thread 0x00000241687cb0c0 Exception <a 'java/lang/NoSuchMethodError'{0x000000008d868f88}: 'double java.lang.invoke.DirectMethodHandle$Holder.invokeVirtual(java.lang.Object, java.lang.Object)'> (0x000000008d868f88) 
thrown [s\open\src\hotspot\share\interpreter\linkResolver.cpp, line 774]
Event: 1288.003 Thread 0x00000241687cd820 Exception <a 'java/lang/IncompatibleClassChangeError'{0x000000008d8dbbb8}: Found class java.lang.Object, but interface was expected> (0x000000008d8dbbb8) 
thrown [s\open\src\hotspot\share\interpreter\linkResolver.cpp, line 841]
Event: 1288.089 Thread 0x00000241687cd820 Exception <a 'java/lang/IncompatibleClassChangeError'{0x000000008d78b9c8}: Found class java.lang.Object, but interface was expected> (0x000000008d78b9c8) 
thrown [s\open\src\hotspot\share\interpreter\linkResolver.cpp, line 841]
Event: 1288.244 Thread 0x00000241687cd820 Exception <a 'java/lang/IncompatibleClassChangeError'{0x000000008d651388}: Found class java.lang.Object, but interface was expected> (0x000000008d651388) 
thrown [s\open\src\hotspot\share\interpreter\linkResolver.cpp, line 841]
Event: 1288.254 Thread 0x00000241687cd820 Exception <a 'java/lang/NoSuchMethodError'{0x000000008d674f78}: 'long java.lang.invoke.DelegatingMethodHandle$Holder.reinvoke_L(java.lang.Object, java.lang.Object)'> (0x000000008d674f78) 
thrown [s\open\src\hotspot\share\interpreter\linkResolver.cpp, line 774]
Event: 1288.255 Thread 0x00000241687cd820 Exception <a 'java/lang/IncompatibleClassChangeError'{0x000000008d67f1d8}: Found class java.lang.Object, but interface was expected> (0x000000008d67f1d8) 
thrown [s\open\src\hotspot\share\interpreter\linkResolver.cpp, line 841]
Event: 1288.256 Thread 0x00000241687cd820 Exception <a 'java/lang/IncompatibleClassChangeError'{0x000000008d680228}: Found class java.lang.Object, but interface was expected> (0x000000008d680228) 
thrown [s\open\src\hotspot\share\interpreter\linkResolver.cpp, line 841]
Event: 1288.257 Thread 0x00000241687cd820 Exception <a 'java/lang/IncompatibleClassChangeError'{0x000000008d683c18}: Found class java.lang.Object, but interface was expected> (0x000000008d683c18) 
thrown [s\open\src\hotspot\share\interpreter\linkResolver.cpp, line 841]
Event: 1778.894 Thread 0x00000241659e5780 Implicit null exception at 0x00000241117e90d1 to 0x00000241117e9a3c
Event: 1779.530 Thread 0x00000241659e5780 Implicit null exception at 0x000002411180d01b to 0x000002411180d10d
Event: 1779.959 Thread 0x00000241659e5780 Implicit null exception at 0x00000241118bd91c to 0x00000241118bf808
Event: 1779.959 Thread 0x00000241659e5780 Implicit null exception at 0x00000241117e44a0 to 0x00000241117e4e33
Event: 1779.970 Thread 0x00000241659e5780 Implicit null exception at 0x0000024111730f94 to 0x0000024111731d34
Event: 1779.970 Thread 0x00000241659e5780 Implicit null exception at 0x0000024111722827 to 0x0000024111723528
Event: 1779.970 Thread 0x00000241659e5780 Implicit null exception at 0x000002411173349c to 0x00000241117336ec
Event: 1779.973 Thread 0x00000241659e5780 Implicit null exception at 0x0000024111719c79 to 0x000002411171a3c4
Event: 1780.118 Thread 0x00000241659e5780 Implicit null exception at 0x00000241118dac9a to 0x00000241118db230
Event: 1780.118 Thread 0x00000241659e5780 Implicit null exception at 0x00000241118dbd4a to 0x00000241118dc2bc
Event: 1812.265 Thread 0x00000241687ce540 Implicit null exception at 0x0000024111886a0b to 0x0000024111888450

ZGC Phase Switch (0 events):
No events

VM Operations (20 events):
Event: 1964.112 Executing VM operation: G1PauseCleanup
Event: 1964.112 Executing VM operation: G1PauseCleanup done
Event: 1970.163 Executing VM operation: Cleanup
Event: 1970.163 Executing VM operation: Cleanup done
Event: 1977.209 Executing VM operation: Cleanup
Event: 1977.209 Executing VM operation: Cleanup done
Event: 1978.322 Executing VM operation: G1CollectForAllocation (G1 Evacuation Pause)
Event: 1978.325 Executing VM operation: G1CollectForAllocation (G1 Evacuation Pause) done
Event: 1980.334 Executing VM operation: Cleanup
Event: 1980.335 Executing VM operation: Cleanup done
Event: 1981.335 Executing VM operation: Cleanup
Event: 1981.335 Executing VM operation: Cleanup done
Event: 1982.336 Executing VM operation: Cleanup
Event: 1982.336 Executing VM operation: Cleanup done
Event: 1984.276 Executing VM operation: HandshakeAllThreads (HandshakeForDeflation)
Event: 1984.495 Executing VM operation: HandshakeAllThreads (HandshakeForDeflation) done
Event: 1984.495 Executing VM operation: RendezvousGCThreads
Event: 1984.495 Executing VM operation: RendezvousGCThreads done
Event: 1988.054 Executing VM operation: G1CollectForAllocation (G1 Evacuation Pause)
Event: 1988.089 Executing VM operation: G1CollectForAllocation (G1 Evacuation Pause) done

Events (20 events):
Event: 1942.349 Thread 0x000002411d4333b0 flushing nmethod 0x000002410ae15110
Event: 1942.349 Thread 0x000002411d4333b0 flushing nmethod 0x000002410ae19790
Event: 1942.349 Thread 0x000002411d4333b0 flushing nmethod 0x000002410ad0ce90
Event: 1942.349 Thread 0x000002411d4333b0 flushing nmethod 0x000002410af67490
Event: 1942.349 Thread 0x000002411d4333b0 flushing nmethod 0x000002410af68710
Event: 1964.009 Thread 0x000002411d4333b0 flushing nmethod 0x00000241099b1090
Event: 1964.009 Thread 0x000002411d4333b0 flushing nmethod 0x0000024109f1cb90
Event: 1964.009 Thread 0x000002411d4333b0 flushing nmethod 0x0000024109f2c090
Event: 1964.009 Thread 0x000002411d4333b0 flushing nmethod 0x000002410ad39a90
Event: 1964.009 Thread 0x000002411d4333b0 flushing nmethod 0x000002410ade3210
Event: 1964.009 Thread 0x000002411d4333b0 flushing nmethod 0x000002410aa30610
Event: 1964.009 Thread 0x000002411d4333b0 flushing nmethod 0x000002410aadaa90
Event: 1964.009 Thread 0x000002411d4333b0 flushing nmethod 0x00000241097d3c10
Event: 1964.009 Thread 0x000002411d4333b0 flushing nmethod 0x000002410ab74890
Event: 1964.009 Thread 0x000002411d4333b0 flushing nmethod 0x000002410ac58f10
Event: 1964.009 Thread 0x000002411d4333b0 flushing nmethod 0x000002410ac71c90
Event: 1964.009 Thread 0x000002411d4333b0 flushing nmethod 0x000002410ad68d10
Event: 1964.009 Thread 0x000002411d4333b0 flushing nmethod 0x000002410a4c6710
Event: 1964.009 Thread 0x000002411d4333b0 flushing nmethod 0x000002410ac8c410
Event: 1964.009 Thread 0x000002411d4333b0 flushing nmethod 0x000002410ac8cb10


Dynamic libraries:
0x00007ff638140000 - 0x00007ff63814e000 	C:\Users\RSC\.jdks\openjdk-22\bin\java.exe
0x00007ffe4f930000 - 0x00007ffe4fb28000 	C:\Windows\SYSTEM32\ntdll.dll
0x00007ffe4d9d0000 - 0x00007ffe4da92000 	C:\Windows\System32\KERNEL32.DLL
0x00007ffe4d210000 - 0x00007ffe4d50f000 	C:\Windows\System32\KERNELBASE.dll
0x00007ffe4d850000 - 0x00007ffe4d950000 	C:\Windows\System32\ucrtbase.dll
0x00007ffe45de0000 - 0x00007ffe45df7000 	C:\Users\RSC\.jdks\openjdk-22\bin\jli.dll
0x00007ffe4f6a0000 - 0x00007ffe4f83d000 	C:\Windows\System32\USER32.dll
0x00007ffe4d080000 - 0x00007ffe4d0a2000 	C:\Windows\System32\win32u.dll
0x00007ffe45dc0000 - 0x00007ffe45ddb000 	C:\Users\RSC\.jdks\openjdk-22\bin\VCRUNTIME140.dll
0x00007ffe4e850000 - 0x00007ffe4e87b000 	C:\Windows\System32\GDI32.dll
0x00007ffe4d730000 - 0x00007ffe4d84a000 	C:\Windows\System32\gdi32full.dll
0x00007ffe4d170000 - 0x00007ffe4d20d000 	C:\Windows\System32\msvcp_win.dll
0x00007ffe38080000 - 0x00007ffe3831a000 	C:\Windows\WinSxS\amd64_microsoft.windows.common-controls_6595b64144ccf1df_6.0.19041.4355_none_60b8b9eb71f62e16\COMCTL32.dll
0x00007ffe4e750000 - 0x00007ffe4e7ee000 	C:\Windows\System32\msvcrt.dll
0x00007ffe4e720000 - 0x00007ffe4e74f000 	C:\Windows\System32\IMM32.DLL
0x00007ffe46f00000 - 0x00007ffe46f0c000 	C:\Users\RSC\.jdks\openjdk-22\bin\vcruntime140_1.dll
0x00007ffe30190000 - 0x00007ffe3021e000 	C:\Users\RSC\.jdks\openjdk-22\bin\msvcp140.dll
0x00007ffe1ed20000 - 0x00007ffe1fa68000 	C:\Users\RSC\.jdks\openjdk-22\bin\server\jvm.dll
0x00007ffe4f840000 - 0x00007ffe4f8ef000 	C:\Windows\System32\ADVAPI32.dll
0x00007ffe4dcc0000 - 0x00007ffe4dd5f000 	C:\Windows\System32\sechost.dll
0x00007ffe4e5f0000 - 0x00007ffe4e713000 	C:\Windows\System32\RPCRT4.dll
0x00007ffe4d510000 - 0x00007ffe4d537000 	C:\Windows\System32\bcrypt.dll
0x00007ffe4e580000 - 0x00007ffe4e5eb000 	C:\Windows\System32\WS2_32.dll
0x00007ffe3c270000 - 0x00007ffe3c297000 	C:\Windows\SYSTEM32\WINMM.dll
0x00007ffe3d0b0000 - 0x00007ffe3d0ba000 	C:\Windows\SYSTEM32\VERSION.dll
0x00007ffe4c560000 - 0x00007ffe4c5ab000 	C:\Windows\SYSTEM32\POWRPROF.dll
0x00007ffe4c3d0000 - 0x00007ffe4c3e2000 	C:\Windows\SYSTEM32\UMPDC.dll
0x00007ffe4ae50000 - 0x00007ffe4ae62000 	C:\Windows\SYSTEM32\kernel.appcore.dll
0x00007ffe451a0000 - 0x00007ffe451aa000 	C:\Users\RSC\.jdks\openjdk-22\bin\jimage.dll
0x00007ffe3b3c0000 - 0x00007ffe3b5a4000 	C:\Windows\SYSTEM32\DBGHELP.DLL
0x00007ffe3ac90000 - 0x00007ffe3acc4000 	C:\Windows\SYSTEM32\dbgcore.DLL
0x00007ffe4d6a0000 - 0x00007ffe4d722000 	C:\Windows\System32\bcryptPrimitives.dll
0x00007ffe3cc30000 - 0x00007ffe3cc3f000 	C:\Users\RSC\.jdks\openjdk-22\bin\instrument.dll
0x00007ffe45da0000 - 0x00007ffe45dbe000 	C:\Users\RSC\.jdks\openjdk-22\bin\java.dll
0x00007ffe4dd60000 - 0x00007ffe4e4cd000 	C:\Windows\System32\SHELL32.dll
0x00007ffe4f4d0000 - 0x00007ffe4f5fb000 	C:\Windows\System32\ole32.dll
0x00007ffe4f170000 - 0x00007ffe4f4c5000 	C:\Windows\System32\combase.dll
0x00007ffe4b050000 - 0x00007ffe4b7f4000 	C:\Windows\SYSTEM32\windows.storage.dll
0x00007ffe4ca00000 - 0x00007ffe4ca2f000 	C:\Windows\SYSTEM32\Wldp.dll
0x00007ffe4e890000 - 0x00007ffe4e95d000 	C:\Windows\System32\OLEAUT32.dll
0x00007ffe4efa0000 - 0x00007ffe4f04d000 	C:\Windows\System32\SHCORE.dll
0x00007ffe4d970000 - 0x00007ffe4d9c5000 	C:\Windows\System32\shlwapi.dll
0x00007ffe4cf00000 - 0x00007ffe4cf24000 	C:\Windows\SYSTEM32\profapi.dll
0x00007ffe25d60000 - 0x00007ffe25e37000 	C:\Users\RSC\.jdks\openjdk-22\bin\jsvml.dll
0x00007ffe3b810000 - 0x00007ffe3b827000 	C:\Users\RSC\.jdks\openjdk-22\bin\zip.dll
0x00007ffe3cc20000 - 0x00007ffe3cc30000 	C:\Users\RSC\.jdks\openjdk-22\bin\net.dll
0x00007ffe4c760000 - 0x00007ffe4c7cc000 	C:\Windows\system32\mswsock.dll
0x00007ffe3cc00000 - 0x00007ffe3cc16000 	C:\Users\RSC\.jdks\openjdk-22\bin\nio.dll
0x00007ffe38630000 - 0x00007ffe3864a000 	C:\Program Files\JetBrains\IntelliJ IDEA Community Edition 2024.1\bin\breakgen64.dll
0x00007ffe3ac70000 - 0x00007ffe3ac79000 	C:\Users\RSC\.jdks\openjdk-22\bin\extnet.dll
0x00007ffe3cbf0000 - 0x00007ffe3cbfa000 	C:\Users\RSC\.jdks\openjdk-22\bin\management.dll
0x00007ffe3b800000 - 0x00007ffe3b80b000 	C:\Users\RSC\.jdks\openjdk-22\bin\management_ext.dll
0x00007ffe4e880000 - 0x00007ffe4e888000 	C:\Windows\System32\PSAPI.DLL
0x00007ffe3aa70000 - 0x00007ffe3aa7b000 	C:\Users\RSC\.jdks\openjdk-22\bin\le.dll
0x00007ffe3ac80000 - 0x00007ffe3ac8e000 	C:\Users\RSC\.jdks\openjdk-22\bin\sunmscapi.dll
0x00007ffe4d540000 - 0x00007ffe4d69c000 	C:\Windows\System32\CRYPT32.dll
0x00007ffe4ca70000 - 0x00007ffe4ca97000 	C:\Windows\SYSTEM32\ncrypt.dll
0x00007ffe4ca30000 - 0x00007ffe4ca6b000 	C:\Windows\SYSTEM32\NTASN1.dll
0x00007ffe4c960000 - 0x00007ffe4c978000 	C:\Windows\SYSTEM32\CRYPTSP.dll
0x00007ffe4c010000 - 0x00007ffe4c044000 	C:\Windows\system32\rsaenh.dll
0x00007ffe4cec0000 - 0x00007ffe4ceee000 	C:\Windows\SYSTEM32\USERENV.dll
0x00007ffe4c950000 - 0x00007ffe4c95c000 	C:\Windows\SYSTEM32\CRYPTBASE.dll
0x00007ffe4c3f0000 - 0x00007ffe4c42b000 	C:\Windows\SYSTEM32\IPHLPAPI.DLL
0x00007ffe4dc50000 - 0x00007ffe4dc58000 	C:\Windows\System32\NSI.dll
0x00007ffe38620000 - 0x00007ffe38630000 	C:\Users\RSC\.jdks\openjdk-22\bin\verify.dll
0x00007ffe4c440000 - 0x00007ffe4c50a000 	C:\Windows\SYSTEM32\DNSAPI.dll
0x00007ffe43320000 - 0x00007ffe4332a000 	C:\Windows\System32\rasadhlp.dll
0x00007ffe432a0000 - 0x00007ffe43320000 	C:\Windows\System32\fwpuclnt.dll
0x00007ffe45d10000 - 0x00007ffe45d17000 	C:\Windows\system32\wshunix.dll

dbghelp: loaded successfully - version: 4.0.5 - missing functions: none
symbol engine: initialized successfully - sym options: 0x614 - pdb path: .;C:\Users\RSC\.jdks\openjdk-22\bin;C:\Windows\SYSTEM32;C:\Windows\WinSxS\amd64_microsoft.windows.common-controls_6595b64144ccf1df_6.0.19041.4355_none_60b8b9eb71f62e16;C:\Users\RSC\.jdks\openjdk-22\bin\server;C:\Program Files\JetBrains\IntelliJ IDEA Community Edition 2024.1\bin

VM Arguments:
jvm_args: -javaagent:C:\Program Files\JetBrains\IntelliJ IDEA Community Edition 2024.1\lib\idea_rt.jar=51060:C:\Program Files\JetBrains\IntelliJ IDEA Community Edition 2024.1\bin -Dfile.encoding=UTF-8 -Dsun.stdout.encoding=UTF-8 -Dsun.stderr.encoding=UTF-8 
java_command: com.vrd.luxury_collection.LuxuryCollectionApplication
java_class_path (initial): D:\Luxury_Collection_Shop\backend\luxury_collection\target\classes;C:\Users\RSC\.m2\repository\org\springframework\boot\spring-boot-starter-data-jpa\3.3.5\spring-boot-starter-data-jpa-3.3.5.jar;C:\Users\RSC\.m2\repository\org\springframework\boot\spring-boot-starter-aop\3.3.5\spring-boot-starter-aop-3.3.5.jar;C:\Users\RSC\.m2\repository\org\aspectj\aspectjweaver\1.9.22.1\aspectjweaver-1.9.22.1.jar;C:\Users\RSC\.m2\repository\org\springframework\boot\spring-boot-starter-jdbc\3.3.5\spring-boot-starter-jdbc-3.3.5.jar;C:\Users\RSC\.m2\repository\com\zaxxer\HikariCP\5.1.0\HikariCP-5.1.0.jar;C:\Users\RSC\.m2\repository\org\springframework\spring-jdbc\6.1.14\spring-jdbc-6.1.14.jar;C:\Users\RSC\.m2\repository\org\hibernate\orm\hibernate-core\6.5.3.Final\hibernate-core-6.5.3.Final.jar;C:\Users\RSC\.m2\repository\jakarta\persistence\jakarta.persistence-api\3.1.0\jakarta.persistence-api-3.1.0.jar;C:\Users\RSC\.m2\repository\jakarta\transaction\jakarta.transaction-api\2.0.1\jakarta.transaction-api-2.0.1.jar;C:\Users\RSC\.m2\repository\org\jboss\logging\jboss-logging\3.5.3.Final\jboss-logging-3.5.3.Final.jar;C:\Users\RSC\.m2\repository\org\hibernate\common\hibernate-commons-annotations\6.0.6.Final\hibernate-commons-annotations-6.0.6.Final.jar;C:\Users\RSC\.m2\repository\io\smallrye\jandex\3.1.2\jandex-3.1.2.jar;C:\Users\RSC\.m2\repository\com\fasterxml\classmate\1.7.0\classmate-1.7.0.jar;C:\Users\RSC\.m2\repository\net\bytebuddy\byte-buddy\1.14.19\byte-buddy-1.14.19.jar;C:\Users\RSC\.m2\repository\org\glassfish\jaxb\jaxb-runtime\4.0.5\jaxb-runtime-4.0.5.jar;C:\Users\RSC\.m2\repository\org\glassfish\jaxb\jaxb-core\4.0.5\jaxb-core-4.0.5.jar;C:\Users\RSC\.m2\repository\org\eclipse\angus\angus-activation\2.0.2\angus-activation-2.0.2.jar;C:\Users\RSC\.m2\repository\org\glassfish\jaxb\txw2\4.0.5\txw2-4.0.5.jar;C:\Users\RSC\.m2\repository\com\sun\istack\istack-commons-runtime\4.1.2\istack-commons-runtime-4.1.2.jar;C:\Users\RSC\.m2\repository\jakarta\inject\jakarta.inject-api\2.0.1\jakarta.inject-api-2.0.1.jar;C:\Users\RSC\.m2\repository\org\antlr\antlr4-runtime\4.13.0\antlr4-runtime-4.13.0.jar;C:\Users\RSC\.m2\repository\org\springframework\data\spring-data-jpa\3.3.5\spring-data-jpa-3.3.5.jar;C:\Users\RSC\.m2\repository\org\springframework\data\spring-data-commons\3.3.5\spring-data-commons-3.3.5.jar;C:\Users\RSC\.m2\repository\org\springframework\spring-orm\6.1.14\spring-orm-6.1.14.jar;C:\Users\RSC\.m2\repository\org\springframework\spring-context\6.1.14\spring-context-6.1.14.jar;C:\Users\RSC\.m2\repository\org\springframework\spring-tx\6.1.14\spring-tx-6.1.14.jar;C:\Users\RSC\.m2\repository\org\springframework\spring-beans\6.1.14\spring-beans-6.1.14.jar;C:\Users\RSC\.m2\repository\jakarta\annotation\jakarta.annotation-api\2.1.1\jakarta.annotation-api-2.1.1.jar;C:\Users\RSC\.m2\repository\org\slf4j\slf4j-api\2.0.16\slf4j-api-2.0.16.jar;C:\Users\RSC\.m2\repository\org\springframework\spring-aspects\6.1.14\spring-aspects-6.1.14.jar;C:\Users\RSC\.m2\repository\org\springframework\boot\spring-boot-starter-security\3.3.5\spring-boot-starter-security-3.3.5.jar;C:\Users\RSC\.m2\repository\org\springframework\boot\spring-boot-starter\3.3.5\spring-boot-starter-3.3.5.jar;C:\Users\RSC\.m2\repository\org\springframework\boot\spring-boot-starter-logging\3.3.5\spring-boot-starter-logging-3.3.5.jar;C:\Users\RSC\.m2\repository\ch\qos\logback\logback-classic\1.5.11\logback-classic-1.5.11.jar;C:\Users\RSC\.m2\repository\ch\qos\logback\logback-core\1.5.11\logback-core-1.5.11.jar;C:\Users\RSC\.m2\repository\org\apache\logging\log4j\log4j-to-slf4j\2.23.1\log4j-to-slf4j-2.23.1.jar;C:\Users\RSC\.m2\repository\org\apache\logging\log4j\log4j-api\2.23.1\log4j-api-2.23.1.jar;C:\Users\RSC\.m2\repository\org\slf4j\jul-to-slf4j\2.0.16\jul-to-slf4j-2.0.16.jar;C:\Users\RSC\.m2\repository\org\yaml\snakeyaml\2.2\snakeyaml-2.2.jar;C:\Users\RSC\.m2\repository\org\springframework\spring-aop\6.1.14\spring-aop-6.1.14.jar;C:\Users\RSC\.m2\repository\org\springframework\security\spring-security-config\6.3.4\spring-security-config-6.3.4.jar;C:\Users\RSC\.m2\repository\org\springframework\security\spring-security-web\6.3.4\spring-security-web-6.3.4.jar;C:\Users\RSC\.m2\repository\org\springframework\spring-expression\6.1.14\spring-expression-6.1.14.jar;C:\Users\RSC\.m2\repository\org\springframework\boot\spring-boot-starter-validation\3.3.5\spring-boot-starter-validation-3.3.5.jar;C:\Users\RSC\.m2\repository\org\apache\tomcat\embed\tomcat-embed-el\10.1.31\tomcat-embed-el-10.1.31.jar;C:\Users\RSC\.m2\repository\org\hibernate\validator\hibernate-validator\8.0.1.Final\hibernate-validator-8.0.1.Final.jar;C:\Users\RSC\.m2\repository\jakarta\validation\jakarta.validation-api\3.0.2\jakarta.validation-api-3.0.2.jar;C:\Users\RSC\.m2\repository\org\springframework\boot\spring-boot-starter-web\3.3.5\spring-boot-starter-web-3.3.5.jar;C:\Users\RSC\.m2\repository\org\springframework\boot\spring-boot-starter-json\3.3.5\spring-boot-starter-json-3.3.5.jar;C:\Users\RSC\.m2\repository\com\fasterxml\jackson\datatype\jackson-datatype-jdk8\2.17.2\jackson-datatype-jdk8-2.17.2.jar;C:\Users\RSC\.m2\repository\com\fasterxml\jackson\datatype\jackson-datatype-jsr310\2.17.2\jackson-datatype-jsr310-2.17.2.jar;C:\Users\RSC\.m2\repository\com\fasterxml\jackson\module\jackson-module-parameter-names\2.17.2\jackson-module-parameter-names-2.17.2.jar;C:\Users\RSC\.m2\repository\org\springframework\boot\spring-boot-starter-tomcat\3.3.5\spring-boot-starter-tomcat-3.3.5.jar;C:\Users\RSC\.m2\repository\org\apache\tomcat\embed\tomcat-embed-core\10.1.31\tomcat-embed-core-10.1.31.jar;C:\Users\RSC\.m2\repository\org\apache\tomcat\embed\tomcat-embed-websocket\10.1.31\tomcat-embed-websocket-10.1.31.jar;C:\Users\RSC\.m2\repository\org\springframework\spring-web\6.1.14\spring-web-6.1.14.jar;C:\Users\RSC\.m2\repository\io\micrometer\micrometer-observation\1.13.6\micrometer-observation-1.13.6.jar;C:\Users\RSC\.m2\repository\io\micrometer\micrometer-commons\1.13.6\micrometer-commons-1.13.6.jar;C:\Users\RSC\.m2\repository\org\springframework\spring-webmvc\6.1.14\spring-webmvc-6.1.14.jar;C:\Users\RSC\.m2\repository\org\springframework\boot\spring-boot-devtools\3.3.5\spring-boot-devtools-3.3.5.jar;C:\Users\RSC\.m2\repository\org\springframework\boot\spring-boot\3.3.5\spring-boot-3.3.5.jar;C:\Users\RSC\.m2\repository\org\springframework\boot\spring-boot-autoconfigure\3.3.5\spring-boot-autoconfigure-3.3.5.jar;C:\Users\RSC\.m2\repository\com\razorpay\razorpay-java\1.4.5\razorpay-java-1.4.5.jar;C:\Users\RSC\.m2\repository\org\json\json\20180130\json-20180130.jar;C:\Users\RSC\.m2\repository\com\squareup\okhttp3\okhttp\4.12.0\okhttp-4.12.0.jar;C:\Users\RSC\.m2\repository\com\squareup\okio\okio\3.6.0\okio-3.6.0.jar;C:\Users\RSC\.m2\repository\com\squareup\okio\okio-jvm\3.6.0\okio-jvm-3.6.0.jar;C:\Users\RSC\.m2\repository\org\jetbrains\kotlin\kotlin-stdlib-common\1.9.25\kotlin-stdlib-common-1.9.25.jar;C:\Users\RSC\.m2\repository\org\jetbrains\kotlin\kotlin-stdlib-jdk8\1.9.25\kotlin-stdlib-jdk8-1.9.25.jar;C:\Users\RSC\.m2\repository\org\jetbrains\kotlin\kotlin-stdlib\1.9.25\kotlin-stdlib-1.9.25.jar;C:\Users\RSC\.m2\repository\org\jetbrains\annotations\13.0\annotations-13.0.jar;C:\Users\RSC\.m2\repository\org\jetbrains\kotlin\kotlin-stdlib-jdk7\1.9.25\kotlin-stdlib-jdk7-1.9.25.jar;C:\Users\RSC\.m2\repository\com\squareup\okhttp3\logging-interceptor\4.12.0\logging-interceptor-4.12.0.jar;C:\Users\RSC\.m2\repository\commons-codec\commons-codec\1.16.1\commons-codec-1.16.1.jar;C:\Users\RSC\.m2\repository\org\apache\commons\commons-text\1.3\commons-text-1.3.jar;C:\Users\RSC\.m2\repository\org\apache\commons\commons-lang3\3.14.0\commons-lang3-3.14.0.jar;C:\Users\RSC\.m2\repository\mysql\mysql-connector-java\8.0.14\mysql-connector-java-8.0.14.jar;C:\Users\RSC\.m2\repository\com\google\protobuf\protobuf-java\3.6.1\protobuf-java-3.6.1.jar;C:\Users\RSC\.m2\repository\org\projectlombok\lombok\1.18.36\lombok-1.18.36.jar;C:\Users\RSC\.m2\repository\io\jsonwebtoken\jjwt-api\0.11.5\jjwt-api-0.11.5.jar;C:\Users\RSC\.m2\repository\io\jsonwebtoken\jjwt-impl\0.11.5\jjwt-impl-0.11.5.jar;C:\Users\RSC\.m2\repository\io\jsonwebtoken\jjwt-jackson\0.11.5\jjwt-jackson-0.11.5.jar;C:\Users\RSC\.m2\repository\com\fasterxml\jackson\core\jackson-databind\2.17.2\jackson-databind-2.17.2.jar;C:\Users\RSC\.m2\repository\com\fasterxml\jackson\core\jackson-annotations\2.17.2\jackson-annotations-2.17.2.jar;C:\Users\RSC\.m2\repository\com\fasterxml\jackson\core\jackson-core\2.17.2\jackson-core-2.17.2.jar;C:\Users\RSC\.m2\repository\jakarta\xml\bind\jakarta.xml.bind-api\4.0.2\jakarta.xml.bind-api-4.0.2.jar;C:\Users\RSC\.m2\repository\jakarta\activation\jakarta.activation-api\2.1.3\jakarta.activation-api-2.1.3.jar;C:\Users\RSC\.m2\repository\org\springframework\spring-core\6.1.14\spring-core-6.1.14.jar;C:\Users\RSC\.m2\repository\org\springframework\spring-jcl\6.1.14\spring-jcl-6.1.14.jar;C:\Users\RSC\.m2\repository\org\springframework\security\spring-security-core\6.3.4\spring-security-core-6.3.4.jar;C:\Users\RSC\.m2\repository\org\springframework\security\spring-security-crypto\6.3.4\spring-security-crypto-6.3.4.jar
Launcher Type: SUN_STANDARD

[Global flags]
     intx CICompilerCount                          = 3                                         {product} {ergonomic}
     uint ConcGCThreads                            = 1                                         {product} {ergonomic}
     uint G1ConcRefinementThreads                  = 4                                         {product} {ergonomic}
   size_t G1HeapRegionSize                         = 1048576                                   {product} {ergonomic}
   size_t InitialHeapSize                          = 130023424                                 {product} {ergonomic}
   size_t MarkStackSize                            = 4194304                                   {product} {ergonomic}
   size_t MaxHeapSize                              = 2065694720                                {product} {ergonomic}
   size_t MaxNewSize                               = 1239416832                                {product} {ergonomic}
   size_t MinHeapDeltaBytes                        = 1048576                                   {product} {ergonomic}
   size_t MinHeapSize                              = 8388608                                   {product} {ergonomic}
    uintx NonNMethodCodeHeapSize                   = 5832780                                {pd product} {ergonomic}
    uintx NonProfiledCodeHeapSize                  = 122912730                              {pd product} {ergonomic}
    uintx ProfiledCodeHeapSize                     = 122912730                              {pd product} {ergonomic}
    uintx ReservedCodeCacheSize                    = 251658240                              {pd product} {ergonomic}
     bool SegmentedCodeCache                       = true                                      {product} {ergonomic}
   size_t SoftMaxHeapSize                          = 2065694720                             {manageable} {ergonomic}
     bool UseCompressedOops                        = true                           {product lp64_product} {ergonomic}
     bool UseG1GC                                  = true                                      {product} {ergonomic}
     bool UseLargePagesIndividualAllocation        = false                                  {pd product} {ergonomic}

Logging:
Log output configuration:
 #0: stdout all=warning uptime,level,tags foldmultilines=false
 #1: stderr all=off uptime,level,tags foldmultilines=false

Environment Variables:
JAVA_HOME=C:\Program Files\Java\jdk-21
PATH=C:\Program Files\apache-maven-3.9.8\bin,C:\Program Files\nodejs;C:\Program Files\nodejs\;C:\Program Files\Git\bin\;C:\Program Files\Git\cmd\;C:\Program Files\Java\jdk-21\bin;C:\WINDOWS;C:\WINDOWS\system32;C:\Windows\System32\wbem;C:\Program Files\MySQL\MySQL Shell 8.0\bin\;C:\Users\RSC\AppData\Local\Microsoft\WindowsApps;C:\Users\RSC\AppData\Local\Programs\Microsoft VS Code\bin;C:\Program Files\MongoDB\Server\7.0\bin;C:\Users\RSC\Downloads\mongosh-2.2.3-win32-x64\mongosh-2.2.3-win32-x64\bin;C:\Program Files (x86)\MongoDB Atlas CLI\;C:\Program Files\JetBrains\IntelliJ IDEA Community Edition 2024.1\bin;;C:\Users\RSC\AppData\Roaming\npm;C:\Program Files\MySQL\MySQL Server 8.0\bin;
USERNAME=RSC
OS=Windows_NT
PROCESSOR_IDENTIFIER=Intel64 Family 6 Model 69 Stepping 1, GenuineIntel
TMP=C:\Users\RSC\AppData\Local\Temp
TEMP=C:\Users\RSC\AppData\Local\Temp




Periodic native trim disabled

---------------  S Y S T E M  ---------------

OS:
 Windows 10 , 64 bit Build 19041 (10.0.19041.5438)
OS uptime: 0 days 5:01 hours

CPU: total 4 (initial active 4) (2 cores per cpu, 2 threads per core) family 6 model 69 stepping 1 microcode 0x25, cx8, cmov, fxsr, ht, mmx, sse, sse2, sse3, ssse3, sse4.1, sse4.2, popcnt, lzcnt, tsc, tscinvbit, avx, avx2, aes, erms, clmul, bmi1, bmi2, fma, vzeroupper, clflush, rdtscp, f16c
Processor Information for all 4 processors :
  Max Mhz: 2501, Current Mhz: 1900, Mhz Limit: 1875

Memory: 4k page, system-wide physical 7879M (501M free)
TotalPageFile size 25591M (AvailPageFile size 16M)
current process WorkingSet (physical memory assigned to process): 332M, peak: 386M
current process commit charge ("private bytes"): 428M, peak: 457M

vm_info: OpenJDK 64-Bit Server VM (22+36-2370) for windows-amd64 JRE (22+36-2370), built on 2024-02-15T22:15:19Z by "mach5one" with MS VC++ 17.6 (VS2022)

END.
